<?xml version="1.0" encoding="UTF-8"?>
<!-- Generated by org.testng.reporters.JUnitReportReporter -->
<testsuite hostname="DESKTOP-7QVJQV0" failures="0" tests="1" name="tstng.testngclass" time="0.012" errors="0" timestamp="2023-01-31T02:43:34 IST" skipped="0">
  <testcase classname="tstng.testngclass" name="test" time="0.012"/>
  <system-out/>
</testsuite> <!-- tstng.testngclass -->
